2015-09-01 09:00:35,807 [Start Help Server] INFO  org.eclipse.jetty.server.Server - jetty-8.1.16.v20140903
2015-09-01 09:00:36,010 [Start Help Server] INFO  o.e.jetty.server.AbstractConnector - Started SelectChannelConnector@127.0.0.1:50069
2015-09-01 10:29:33,152 [Stop Help Server] INFO  o.e.j.server.handler.ContextHandler - stopped o.e.j.s.ServletContextHandler{/help,null}
2015-09-02 10:52:16,082 [Start Help Server] INFO  org.eclipse.jetty.server.Server - jetty-8.1.16.v20140903
2015-09-02 10:52:16,213 [Start Help Server] INFO  o.e.jetty.server.AbstractConnector - Started SelectChannelConnector@127.0.0.1:55651
2015-09-02 17:00:50,447 [Stop Help Server] INFO  o.e.j.server.handler.ContextHandler - stopped o.e.j.s.ServletContextHandler{/help,null}
2015-09-03 09:16:52,325 [Start Help Server] INFO  org.eclipse.jetty.server.Server - jetty-8.1.16.v20140903
2015-09-03 09:16:52,434 [Start Help Server] INFO  o.e.jetty.server.AbstractConnector - Started SelectChannelConnector@127.0.0.1:59768
2015-09-03 22:24:52,652 [Stop Help Server] INFO  o.e.j.server.handler.ContextHandler - stopped o.e.j.s.ServletContextHandler{/help,null}
2015-09-04 09:26:51,094 [Start Help Server] INFO  org.eclipse.jetty.server.Server - jetty-8.1.16.v20140903
2015-09-04 09:26:51,219 [Start Help Server] INFO  o.e.jetty.server.AbstractConnector - Started SelectChannelConnector@127.0.0.1:63357
2015-09-04 17:08:08,222 [Stop Help Server] INFO  o.e.j.server.handler.ContextHandler - stopped o.e.j.s.ServletContextHandler{/help,null}
2015-09-04 17:08:08,581 [Stop Help Server] WARN  o.e.j.util.thread.QueuedThreadPool - 2 threads could not be stopped
2015-09-04 22:29:40,851 [Start Help Server] INFO  org.eclipse.jetty.server.Server - jetty-8.1.16.v20140903
2015-09-04 22:29:40,945 [Start Help Server] INFO  o.e.jetty.server.AbstractConnector - Started SelectChannelConnector@127.0.0.1:49213
2015-09-04 23:56:28,858 [Worker-77] ERROR o.e.r.s.GitSnippetRepository - Transport operation failed.
org.eclipse.jgit.api.errors.TransportException: http://git.eclipse.org/gitroot/recommenders/org.eclipse.recommenders.snipmatch.snippets.git: cannot open git-upload-pack
	at org.eclipse.jgit.api.FetchCommand.call(FetchCommand.java:139) ~[na:na]
	at org.eclipse.recommenders.snipmatch.GitSnippetRepository.fetch(GitSnippetRepository.java:187) ~[org.eclipse.recommenders.snipmatch_2.1.9.v20140917-1240.jar:na]
	at org.eclipse.recommenders.snipmatch.GitSnippetRepository.open(GitSnippetRepository.java:82) ~[org.eclipse.recommenders.snipmatch_2.1.9.v20140917-1240.jar:na]
	at org.eclipse.recommenders.internal.snipmatch.rcp.EclipseGitSnippetRepository$1.run(EclipseGitSnippetRepository.java:106) [org.eclipse.recommenders.snipmatch.rcp_2.1.9.v20140917-1240.jar:na]
	at org.eclipse.core.internal.jobs.Worker.run(Worker.java:54) [org.eclipse.core.jobs_3.6.1.v20141014-1248.jar:na]
Caused by: org.eclipse.jgit.errors.TransportException: http://git.eclipse.org/gitroot/recommenders/org.eclipse.recommenders.snipmatch.snippets.git: cannot open git-upload-pack
	at org.eclipse.jgit.transport.TransportHttp.connect(TransportHttp.java:521) ~[na:na]
	at org.eclipse.jgit.transport.TransportHttp.openFetch(TransportHttp.java:309) ~[na:na]
	at org.eclipse.jgit.transport.FetchProcess.executeImp(FetchProcess.java:136) ~[na:na]
	at org.eclipse.jgit.transport.FetchProcess.execute(FetchProcess.java:122) ~[na:na]
	at org.eclipse.jgit.transport.Transport.fetch(Transport.java:1111) ~[na:na]
	at org.eclipse.jgit.api.FetchCommand.call(FetchCommand.java:130) ~[na:na]
	... 4 common frames omitted
Caused by: java.net.UnknownHostException: git.eclipse.org
	at java.net.AbstractPlainSocketImpl.connect(Unknown Source) ~[na:1.8.0_51]
	at java.net.PlainSocketImpl.connect(Unknown Source) ~[na:1.8.0_51]
	at java.net.SocksSocketImpl.connect(Unknown Source) ~[na:1.8.0_51]
	at java.net.Socket.connect(Unknown Source) ~[na:1.8.0_51]
	at sun.net.NetworkClient.doConnect(Unknown Source) ~[na:1.8.0_51]
	at sun.net.www.http.HttpClient.openServer(Unknown Source) ~[na:1.8.0_51]
	at sun.net.www.http.HttpClient.openServer(Unknown Source) ~[na:1.8.0_51]
	at sun.net.www.http.HttpClient.<init>(Unknown Source) ~[na:1.8.0_51]
	at sun.net.www.http.HttpClient.New(Unknown Source) ~[na:1.8.0_51]
	at sun.net.www.http.HttpClient.New(Unknown Source) ~[na:1.8.0_51]
	at sun.net.www.protocol.http.HttpURLConnection.getNewHttpClient(Unknown Source) ~[na:1.8.0_51]
	at sun.net.www.protocol.http.HttpURLConnection.plainConnect0(Unknown Source) ~[na:1.8.0_51]
	at sun.net.www.protocol.http.HttpURLConnection$6.run(Unknown Source) ~[na:1.8.0_51]
	at sun.net.www.protocol.http.HttpURLConnection$6.run(Unknown Source) ~[na:1.8.0_51]
	at java.security.AccessController.doPrivileged(Native Method) ~[na:1.8.0_51]
	at java.security.AccessController.doPrivileged(Unknown Source) ~[na:1.8.0_51]
	at sun.net.www.protocol.http.HttpURLConnection.plainConnect(Unknown Source) ~[na:1.8.0_51]
	at sun.net.www.protocol.http.HttpURLConnection.connect(Unknown Source) ~[na:1.8.0_51]
	at sun.net.www.protocol.http.HttpURLConnection.getInputStream0(Unknown Source) ~[na:1.8.0_51]
	at sun.net.www.protocol.http.HttpURLConnection.access$200(Unknown Source) ~[na:1.8.0_51]
	at sun.net.www.protocol.http.HttpURLConnection$9.run(Unknown Source) ~[na:1.8.0_51]
	at sun.net.www.protocol.http.HttpURLConnection$9.run(Unknown Source) ~[na:1.8.0_51]
	at java.security.AccessController.doPrivileged(Native Method) ~[na:1.8.0_51]
	at java.security.AccessController.doPrivileged(Unknown Source) ~[na:1.8.0_51]
	at sun.net.www.protocol.http.HttpURLConnection.getInputStream(Unknown Source) ~[na:1.8.0_51]
	at java.net.HttpURLConnection.getResponseCode(Unknown Source) ~[na:1.8.0_51]
	at org.eclipse.jgit.transport.http.JDKHttpConnection.getResponseCode(JDKHttpConnection.java:98) ~[na:na]
	at org.eclipse.jgit.util.HttpSupport.response(HttpSupport.java:168) ~[na:na]
	at org.eclipse.jgit.transport.TransportHttp.connect(TransportHttp.java:475) ~[na:na]
	... 9 common frames omitted
2015-09-05 00:06:20,909 [Stop Help Server] INFO  o.e.j.server.handler.ContextHandler - stopped o.e.j.s.ServletContextHandler{/help,null}
2015-09-05 11:08:55,872 [Start Help Server] INFO  org.eclipse.jetty.server.Server - jetty-8.1.16.v20140903
2015-09-05 11:08:55,965 [Start Help Server] INFO  o.e.jetty.server.AbstractConnector - Started SelectChannelConnector@127.0.0.1:49463
